<?xml version="1.0" encoding="UTF-8"?>
<testsuite name="br.com.jiratorio.integration.issueperiod.ListIssuePeriodIntegrationTest" tests="1" skipped="0" failures="1" errors="0" timestamp="2020-08-29T21:49:33" hostname="OptiPlex-7050" time="1.847">
  <properties/>
  <testcase name="test find by board()" classname="br.com.jiratorio.integration.issueperiod.ListIssuePeriodIntegrationTest" time="1.847">
    <failure message="java.lang.AssertionError: 1 expectation failed.&#10;Expected status code &lt;200&gt; but was &lt;500&gt;.&#10;" type="java.lang.AssertionError">java.lang.AssertionError: 1 expectation failed.
Expected status code &lt;200&gt; but was &lt;500&gt;.

	at java.base/jdk.internal.reflect.NativeConstructorAccessorImpl.newInstance0(Native Method)
	at java.base/jdk.internal.reflect.NativeConstructorAccessorImpl.newInstance(NativeConstructorAccessorImpl.java:62)
	at java.base/jdk.internal.reflect.DelegatingConstructorAccessorImpl.newInstance(DelegatingConstructorAccessorImpl.java:45)
	at java.base/java.lang.reflect.Constructor.newInstanceWithCaller(Constructor.java:500)
	at java.base/java.lang.reflect.Constructor.newInstance(Constructor.java:481)
	at org.codehaus.groovy.reflection.CachedConstructor.invoke(CachedConstructor.java:80)
	at org.codehaus.groovy.reflection.CachedConstructor.doConstructorInvoke(CachedConstructor.java:74)
	at org.codehaus.groovy.runtime.callsite.ConstructorSite$ConstructorSiteNoUnwrap.callConstructor(ConstructorSite.java:84)
	at org.codehaus.groovy.runtime.callsite.CallSiteArray.defaultCallConstructor(CallSiteArray.java:59)
	at org.codehaus.groovy.runtime.callsite.AbstractCallSite.callConstructor(AbstractCallSite.java:237)
	at org.codehaus.groovy.runtime.callsite.AbstractCallSite.callConstructor(AbstractCallSite.java:249)
	at io.restassured.internal.ResponseSpecificationImpl$HamcrestAssertionClosure.validate(ResponseSpecificationImpl.groovy:494)
	at io.restassured.internal.ResponseSpecificationImpl$HamcrestAssertionClosure$validate$1.call(Unknown Source)
	at org.codehaus.groovy.runtime.callsite.CallSiteArray.defaultCall(CallSiteArray.java:47)
	at org.codehaus.groovy.runtime.callsite.AbstractCallSite.call(AbstractCallSite.java:115)
	at org.codehaus.groovy.runtime.callsite.AbstractCallSite.call(AbstractCallSite.java:127)
	at io.restassured.internal.ResponseSpecificationImpl.validateResponseIfRequired(ResponseSpecificationImpl.groovy:656)
	at java.base/jdk.internal.reflect.NativeMethodAccessorImpl.invoke0(Native Method)
	at java.base/jdk.internal.reflect.NativeMethodAccessorImpl.invoke(NativeMethodAccessorImpl.java:62)
	at java.base/jdk.internal.reflect.DelegatingMethodAccessorImpl.invoke(DelegatingMethodAccessorImpl.java:43)
	at java.base/java.lang.reflect.Method.invoke(Method.java:567)
	at org.codehaus.groovy.runtime.callsite.PlainObjectMetaMethodSite.doInvoke(PlainObjectMetaMethodSite.java:43)
	at org.codehaus.groovy.runtime.callsite.PogoMetaMethodSite$PogoCachedMethodSiteNoUnwrapNoCoerce.invoke(PogoMetaMethodSite.java:190)
	at org.codehaus.groovy.runtime.callsite.PogoMetaMethodSite.callCurrent(PogoMetaMethodSite.java:58)
	at org.codehaus.groovy.runtime.callsite.CallSiteArray.defaultCallCurrent(CallSiteArray.java:51)
	at org.codehaus.groovy.runtime.callsite.AbstractCallSite.callCurrent(AbstractCallSite.java:156)
	at org.codehaus.groovy.runtime.callsite.AbstractCallSite.callCurrent(AbstractCallSite.java:168)
	at io.restassured.internal.ResponseSpecificationImpl.statusCode(ResponseSpecificationImpl.groovy:125)
	at io.restassured.specification.ResponseSpecification$statusCode$0.callCurrent(Unknown Source)
	at org.codehaus.groovy.runtime.callsite.CallSiteArray.defaultCallCurrent(CallSiteArray.java:51)
	at org.codehaus.groovy.runtime.callsite.AbstractCallSite.callCurrent(AbstractCallSite.java:156)
	at org.codehaus.groovy.runtime.callsite.AbstractCallSite.callCurrent(AbstractCallSite.java:168)
	at io.restassured.internal.ResponseSpecificationImpl.statusCode(ResponseSpecificationImpl.groovy:133)
	at io.restassured.internal.ValidatableResponseOptionsImpl.statusCode(ValidatableResponseOptionsImpl.java:119)
	at br.com.jiratorio.integration.issueperiod.ListIssuePeriodIntegrationTest$test find by board$1$3.invoke(ListIssuePeriodIntegrationTest.kt:81)
	at br.com.jiratorio.integration.issueperiod.ListIssuePeriodIntegrationTest$test find by board$1$3.invoke(ListIssuePeriodIntegrationTest.kt:20)
	at br.com.jiratorio.dsl.RestAssuredDSL.build(RestAssuredDSL.kt:40)
	at br.com.jiratorio.integration.issueperiod.ListIssuePeriodIntegrationTest.test find by board(ListIssuePeriodIntegrationTest.kt:158)
	at java.base/jdk.internal.reflect.NativeMethodAccessorImpl.invoke0(Native Method)
	at java.base/jdk.internal.reflect.NativeMethodAccessorImpl.invoke(NativeMethodAccessorImpl.java:62)
	at java.base/jdk.internal.reflect.DelegatingMethodAccessorImpl.invoke(DelegatingMethodAccessorImpl.java:43)
	at java.base/java.lang.reflect.Method.invoke(Method.java:567)
	at org.junit.platform.commons.util.ReflectionUtils.invokeMethod(ReflectionUtils.java:686)
	at org.junit.jupiter.engine.execution.MethodInvocation.proceed(MethodInvocation.java:60)
	at org.junit.jupiter.engine.execution.InvocationInterceptorChain$ValidatingInvocation.proceed(InvocationInterceptorChain.java:131)
	at org.junit.jupiter.engine.extension.TimeoutExtension.intercept(TimeoutExtension.java:149)
	at org.junit.jupiter.engine.extension.TimeoutExtension.interceptTestableMethod(TimeoutExtension.java:140)
	at org.junit.jupiter.engine.extension.TimeoutExtension.interceptTestMethod(TimeoutExtension.java:84)
	at org.junit.jupiter.engine.execution.ExecutableInvoker$ReflectiveInterceptorCall.lambda$ofVoidMethod$0(ExecutableInvoker.java:115)
	at org.junit.jupiter.engine.execution.ExecutableInvoker.lambda$invoke$0(ExecutableInvoker.java:105)
	at org.junit.jupiter.engine.execution.InvocationInterceptorChain$InterceptedInvocation.proceed(InvocationInterceptorChain.java:106)
	at org.junit.jupiter.engine.execution.InvocationInterceptorChain.proceed(InvocationInterceptorChain.java:64)
	at org.junit.jupiter.engine.execution.InvocationInterceptorChain.chainAndInvoke(InvocationInterceptorChain.java:45)
	at org.junit.jupiter.engine.execution.InvocationInterceptorChain.invoke(InvocationInterceptorChain.java:37)
	at org.junit.jupiter.engine.execution.ExecutableInvoker.invoke(ExecutableInvoker.java:104)
	at org.junit.jupiter.engine.execution.ExecutableInvoker.invoke(ExecutableInvoker.java:98)
	at org.junit.jupiter.engine.descriptor.TestMethodTestDescriptor.lambda$invokeTestMethod$6(TestMethodTestDescriptor.java:212)
	at org.junit.platform.engine.support.hierarchical.ThrowableCollector.execute(ThrowableCollector.java:73)
	at org.junit.jupiter.engine.descriptor.TestMethodTestDescriptor.invokeTestMethod(TestMethodTestDescriptor.java:208)
	at org.junit.jupiter.engine.descriptor.TestMethodTestDescriptor.execute(TestMethodTestDescriptor.java:137)
	at org.junit.jupiter.engine.descriptor.TestMethodTestDescriptor.execute(TestMethodTestDescriptor.java:71)
	at org.junit.platform.engine.support.hierarchical.NodeTestTask.lambda$executeRecursively$5(NodeTestTask.java:135)
	at org.junit.platform.engine.support.hierarchical.ThrowableCollector.execute(ThrowableCollector.java:73)
	at org.junit.platform.engine.support.hierarchical.NodeTestTask.lambda$executeRecursively$7(NodeTestTask.java:125)
	at org.junit.platform.engine.support.hierarchical.Node.around(Node.java:135)
	at org.junit.platform.engine.support.hierarchical.NodeTestTask.lambda$executeRecursively$8(NodeTestTask.java:123)
	at org.junit.platform.engine.support.hierarchical.ThrowableCollector.execute(ThrowableCollector.java:73)
	at org.junit.platform.engine.support.hierarchical.NodeTestTask.executeRecursively(NodeTestTask.java:122)
	at org.junit.platform.engine.support.hierarchical.NodeTestTask.execute(NodeTestTask.java:80)
	at java.base/java.util.ArrayList.forEach(ArrayList.java:1507)
	at org.junit.platform.engine.support.hierarchical.SameThreadHierarchicalTestExecutorService.invokeAll(SameThreadHierarchicalTestExecutorService.java:38)
	at org.junit.platform.engine.support.hierarchical.NodeTestTask.lambda$executeRecursively$5(NodeTestTask.java:139)
	at org.junit.platform.engine.support.hierarchical.ThrowableCollector.execute(ThrowableCollector.java:73)
	at org.junit.platform.engine.support.hierarchical.NodeTestTask.lambda$executeRecursively$7(NodeTestTask.java:125)
	at org.junit.platform.engine.support.hierarchical.Node.around(Node.java:135)
	at org.junit.platform.engine.support.hierarchical.NodeTestTask.lambda$executeRecursively$8(NodeTestTask.java:123)
	at org.junit.platform.engine.support.hierarchical.ThrowableCollector.execute(ThrowableCollector.java:73)
	at org.junit.platform.engine.support.hierarchical.NodeTestTask.executeRecursively(NodeTestTask.java:122)
	at org.junit.platform.engine.support.hierarchical.NodeTestTask.execute(NodeTestTask.java:80)
	at java.base/java.util.ArrayList.forEach(ArrayList.java:1507)
	at org.junit.platform.engine.support.hierarchical.SameThreadHierarchicalTestExecutorService.invokeAll(SameThreadHierarchicalTestExecutorService.java:38)
	at org.junit.platform.engine.support.hierarchical.NodeTestTask.lambda$executeRecursively$5(NodeTestTask.java:139)
	at org.junit.platform.engine.support.hierarchical.ThrowableCollector.execute(ThrowableCollector.java:73)
	at org.junit.platform.engine.support.hierarchical.NodeTestTask.lambda$executeRecursively$7(NodeTestTask.java:125)
	at org.junit.platform.engine.support.hierarchical.Node.around(Node.java:135)
	at org.junit.platform.engine.support.hierarchical.NodeTestTask.lambda$executeRecursively$8(NodeTestTask.java:123)
	at org.junit.platform.engine.support.hierarchical.ThrowableCollector.execute(ThrowableCollector.java:73)
	at org.junit.platform.engine.support.hierarchical.NodeTestTask.executeRecursively(NodeTestTask.java:122)
	at org.junit.platform.engine.support.hierarchical.NodeTestTask.execute(NodeTestTask.java:80)
	at org.junit.platform.engine.support.hierarchical.SameThreadHierarchicalTestExecutorService.submit(SameThreadHierarchicalTestExecutorService.java:32)
	at org.junit.platform.engine.support.hierarchical.HierarchicalTestExecutor.execute(HierarchicalTestExecutor.java:57)
	at org.junit.platform.engine.support.hierarchical.HierarchicalTestEngine.execute(HierarchicalTestEngine.java:51)
	at org.junit.platform.launcher.core.DefaultLauncher.execute(DefaultLauncher.java:248)
	at org.junit.platform.launcher.core.DefaultLauncher.lambda$execute$5(DefaultLauncher.java:211)
	at org.junit.platform.launcher.core.DefaultLauncher.withInterceptedStreams(DefaultLauncher.java:226)
	at org.junit.platform.launcher.core.DefaultLauncher.execute(DefaultLauncher.java:199)
	at org.junit.platform.launcher.core.DefaultLauncher.execute(DefaultLauncher.java:132)
	at org.gradle.api.internal.tasks.testing.junitplatform.JUnitPlatformTestClassProcessor$CollectAllTestClassesExecutor.processAllTestClasses(JUnitPlatformTestClassProcessor.java:99)
	at org.gradle.api.internal.tasks.testing.junitplatform.JUnitPlatformTestClassProcessor$CollectAllTestClassesExecutor.access$000(JUnitPlatformTestClassProcessor.java:79)
	at org.gradle.api.internal.tasks.testing.junitplatform.JUnitPlatformTestClassProcessor.stop(JUnitPlatformTestClassProcessor.java:75)
	at org.gradle.api.internal.tasks.testing.SuiteTestClassProcessor.stop(SuiteTestClassProcessor.java:61)
	at java.base/jdk.internal.reflect.NativeMethodAccessorImpl.invoke0(Native Method)
	at java.base/jdk.internal.reflect.NativeMethodAccessorImpl.invoke(NativeMethodAccessorImpl.java:62)
	at java.base/jdk.internal.reflect.DelegatingMethodAccessorImpl.invoke(DelegatingMethodAccessorImpl.java:43)
	at java.base/java.lang.reflect.Method.invoke(Method.java:567)
	at org.gradle.internal.dispatch.ReflectionDispatch.dispatch(ReflectionDispatch.java:36)
	at org.gradle.internal.dispatch.ReflectionDispatch.dispatch(ReflectionDispatch.java:24)
	at org.gradle.internal.dispatch.ContextClassLoaderDispatch.dispatch(ContextClassLoaderDispatch.java:33)
	at org.gradle.internal.dispatch.ProxyDispatchAdapter$DispatchingInvocationHandler.invoke(ProxyDispatchAdapter.java:94)
	at com.sun.proxy.$Proxy2.stop(Unknown Source)
	at org.gradle.api.internal.tasks.testing.worker.TestWorker.stop(TestWorker.java:132)
	at java.base/jdk.internal.reflect.NativeMethodAccessorImpl.invoke0(Native Method)
	at java.base/jdk.internal.reflect.NativeMethodAccessorImpl.invoke(NativeMethodAccessorImpl.java:62)
	at java.base/jdk.internal.reflect.DelegatingMethodAccessorImpl.invoke(DelegatingMethodAccessorImpl.java:43)
	at java.base/java.lang.reflect.Method.invoke(Method.java:567)
	at org.gradle.internal.dispatch.ReflectionDispatch.dispatch(ReflectionDispatch.java:36)
	at org.gradle.internal.dispatch.ReflectionDispatch.dispatch(ReflectionDispatch.java:24)
	at org.gradle.internal.remote.internal.hub.MessageHubBackedObjectConnection$DispatchWrapper.dispatch(MessageHubBackedObjectConnection.java:182)
	at org.gradle.internal.remote.internal.hub.MessageHubBackedObjectConnection$DispatchWrapper.dispatch(MessageHubBackedObjectConnection.java:164)
	at org.gradle.internal.remote.internal.hub.MessageHub$Handler.run(MessageHub.java:413)
	at org.gradle.internal.concurrent.ExecutorPolicy$CatchAndRecordFailures.onExecute(ExecutorPolicy.java:64)
	at org.gradle.internal.concurrent.ManagedExecutorImpl$1.run(ManagedExecutorImpl.java:48)
	at java.base/java.util.concurrent.ThreadPoolExecutor.runWorker(ThreadPoolExecutor.java:1128)
	at java.base/java.util.concurrent.ThreadPoolExecutor$Worker.run(ThreadPoolExecutor.java:628)
	at org.gradle.internal.concurrent.ThreadFactoryImpl$ManagedThreadRunnable.run(ThreadFactoryImpl.java:56)
	at java.base/java.lang.Thread.run(Thread.java:830)
</failure>
  </testcase>
  <system-out><![CDATA[18:49:16.158 [Test worker] DEBUG org.springframework.core.SpringProperties - Found 'spring.properties' file in local classpath
18:49:16.164 [Test worker] DEBUG org.springframework.test.context.BootstrapUtils - Instantiating CacheAwareContextLoaderDelegate from class [org.springframework.test.context.cache.DefaultCacheAwareContextLoaderDelegate]
18:49:16.169 [Test worker] DEBUG org.springframework.test.context.BootstrapUtils - Instantiating BootstrapContext using constructor [public org.springframework.test.context.support.DefaultBootstrapContext(java.lang.Class,org.springframework.test.context.CacheAwareContextLoaderDelegate)]
18:49:16.180 [Test worker] DEBUG org.springframework.test.context.BootstrapUtils - Instantiating TestContextBootstrapper for test class [br.com.jiratorio.integration.issueperiod.ListIssuePeriodIntegrationTest] from class [org.springframework.boot.test.context.SpringBootTestContextBootstrapper]
18:49:16.194 [Test worker] INFO org.springframework.boot.test.context.SpringBootTestContextBootstrapper - Neither @ContextConfiguration nor @ContextHierarchy found for test class [br.com.jiratorio.integration.issueperiod.ListIssuePeriodIntegrationTest], using SpringBootContextLoader
18:49:16.198 [Test worker] DEBUG org.springframework.test.context.support.AbstractContextLoader - Did not detect default resource location for test class [br.com.jiratorio.integration.issueperiod.ListIssuePeriodIntegrationTest]: class path resource [br/com/jiratorio/integration/issueperiod/ListIssuePeriodIntegrationTest-context.xml] does not exist
18:49:16.199 [Test worker] DEBUG org.springframework.test.context.support.AbstractContextLoader - Did not detect default resource location for test class [br.com.jiratorio.integration.issueperiod.ListIssuePeriodIntegrationTest]: class path resource [br/com/jiratorio/integration/issueperiod/ListIssuePeriodIntegrationTestContext.groovy] does not exist
18:49:16.199 [Test worker] INFO org.springframework.test.context.support.AbstractContextLoader - Could not detect default resource locations for test class [br.com.jiratorio.integration.issueperiod.ListIssuePeriodIntegrationTest]: no resource found for suffixes {-context.xml, Context.groovy}.
18:49:16.200 [Test worker] INFO org.springframework.test.context.support.AnnotationConfigContextLoaderUtils - Could not detect default configuration classes for test class [br.com.jiratorio.integration.issueperiod.ListIssuePeriodIntegrationTest]: ListIssuePeriodIntegrationTest does not declare any static, non-private, non-final, nested classes annotated with @Configuration.
18:49:16.247 [Test worker] DEBUG org.springframework.test.context.support.ActiveProfilesUtils - Could not find an 'annotation declaring class' for annotation type [org.springframework.test.context.ActiveProfiles] and class [br.com.jiratorio.integration.issueperiod.ListIssuePeriodIntegrationTest]
18:49:16.356 [Test worker] DEBUG org.springframework.context.annotation.ClassPathScanningCandidateComponentProvider - Identified candidate component class: file [/home/leferreira/workspaces/jirareport/application/build/classes/kotlin/main/br/com/jiratorio/Application.class]
18:49:16.371 [Test worker] INFO org.springframework.boot.test.context.SpringBootTestContextBootstrapper - Found @SpringBootConfiguration br.com.jiratorio.Application for test class br.com.jiratorio.integration.issueperiod.ListIssuePeriodIntegrationTest
18:49:16.462 [Test worker] DEBUG org.springframework.boot.test.context.SpringBootTestContextBootstrapper - @TestExecutionListeners is not present for class [br.com.jiratorio.integration.issueperiod.ListIssuePeriodIntegrationTest]: using defaults.
18:49:16.463 [Test worker] INFO org.springframework.boot.test.context.SpringBootTestContextBootstrapper - Loaded default TestExecutionListener class names from location [META-INF/spring.factories]: [br.com.jiratorio.executionlistener.WireMockTestExecutionListener, br.com.jiratorio.executionlistener.CleanDatabaseTestExecutionListener, br.com.jiratorio.executionlistener.RestAssuredTestExecutionListener, org.springframework.security.test.context.support.WithSecurityContextTestExecutionListener, org.springframework.security.test.context.support.ReactorContextTestExecutionListener, org.springframework.boot.test.autoconfigure.restdocs.RestDocsTestExecutionListener, org.springframework.boot.test.autoconfigure.web.client.MockRestServiceServerResetTestExecutionListener, org.springframework.boot.test.autoconfigure.web.servlet.MockMvcPrintOnlyOnFailureTestExecutionListener, org.springframework.boot.test.autoconfigure.web.servlet.WebDriverTestExecutionListener, org.springframework.boot.test.autoconfigure.webservices.client.MockWebServiceServerTestExecutionListener, org.springframework.boot.test.mock.mockito.MockitoTestExecutionListener, org.springframework.boot.test.mock.mockito.ResetMocksTestExecutionListener, org.springframework.test.context.web.ServletTestExecutionListener, org.springframework.test.context.support.DirtiesContextBeforeModesTestExecutionListener, org.springframework.test.context.support.DependencyInjectionTestExecutionListener, org.springframework.test.context.support.DirtiesContextTestExecutionListener, org.springframework.test.context.transaction.TransactionalTestExecutionListener, org.springframework.test.context.jdbc.SqlScriptsTestExecutionListener, org.springframework.test.context.event.EventPublishingTestExecutionListener]
18:49:16.694 [Test worker] INFO org.springframework.boot.test.context.SpringBootTestContextBootstrapper - Using TestExecutionListeners: [org.springframework.test.context.web.ServletTestExecutionListener@2b0e3bcf, org.springframework.test.context.support.DirtiesContextBeforeModesTestExecutionListener@3515890d, org.springframework.boot.test.mock.mockito.MockitoTestExecutionListener@e9e4b53, org.springframework.boot.test.autoconfigure.SpringBootDependencyInjectionTestExecutionListener@6ca2cf2a, org.springframework.test.context.support.DirtiesContextTestExecutionListener@36285132, org.springframework.test.context.transaction.TransactionalTestExecutionListener@2f6ceb1b, org.springframework.test.context.jdbc.SqlScriptsTestExecutionListener@53d4f976, org.springframework.security.test.context.support.WithSecurityContextTestExecutionListener@2975b7b9, org.springframework.test.context.event.EventPublishingTestExecutionListener@5da0d264, org.springframework.security.test.context.support.ReactorContextTestExecutionListener@15dcdef8, org.springframework.boot.test.autoconfigure.restdocs.RestDocsTestExecutionListener@61378a7c, org.springframework.boot.test.autoconfigure.web.client.MockRestServiceServerResetTestExecutionListener@657b219c, org.springframework.boot.test.autoconfigure.web.servlet.MockMvcPrintOnlyOnFailureTestExecutionListener@3e13eca5, org.springframework.boot.test.autoconfigure.web.servlet.WebDriverTestExecutionListener@4dcbde81, org.springframework.boot.test.autoconfigure.webservices.client.MockWebServiceServerTestExecutionListener@10f2c92e, org.springframework.boot.test.mock.mockito.ResetMocksTestExecutionListener@2c396d6d, br.com.jiratorio.executionlistener.WireMockTestExecutionListener@deeda8b, br.com.jiratorio.executionlistener.CleanDatabaseTestExecutionListener@1e422261, br.com.jiratorio.executionlistener.RestAssuredTestExecutionListener@18ff233e]
18:49:16.719 [Test worker] DEBUG org.springframework.test.context.support.TestPropertySourceUtils - Adding inlined properties to environment: {spring.jmx.enabled=false, org.springframework.boot.test.context.SpringBootTestContextBootstrapper=true, server.port=0}
2020-08-29 18:49:17.261  INFO [,,,] 50840 --- [    Test worker] o.t.d.DockerClientProviderStrategy       : Loaded org.testcontainers.dockerclient.EnvironmentAndSystemPropertyClientProviderStrategy from ~/.testcontainers.properties, will try it first
2020-08-29 18:49:17.899  INFO [,,,] 50840 --- [    Test worker] tAndSystemPropertyClientProviderStrategy : Found docker client settings from environment
2020-08-29 18:49:17.899  INFO [,,,] 50840 --- [    Test worker] o.t.d.DockerClientProviderStrategy       : Found Docker environment with Environment variables, system properties and defaults. Resolved dockerHost=unix:///var/run/docker.sock
2020-08-29 18:49:18.082  INFO [,,,] 50840 --- [    Test worker] org.testcontainers.DockerClientFactory   : Docker host IP address is localhost
2020-08-29 18:49:18.110  INFO [,,,] 50840 --- [    Test worker] org.testcontainers.DockerClientFactory   : Connected to docker: 
  Server Version: 19.03.12
  API Version: 1.40
  Operating System: Ubuntu 20.04.1 LTS
  Total Memory: 15877 MB
2020-08-29 18:49:18.132  WARN [,,,] 50840 --- [    Test worker] o.t.utility.RegistryAuthLocator          : Failure when attempting to lookup auth config (dockerImageName: testcontainersofficial/ryuk:0.3.0, configFile: /home/leferreira/.docker/config.json. Falling back to docker-java default behaviour. Exception message: /home/leferreira/.docker/config.json (No such file or directory)
2020-08-29 18:49:18.990  INFO [,,,] 50840 --- [    Test worker] org.testcontainers.DockerClientFactory   : Ryuk started - will monitor and terminate Testcontainers containers on JVM exit
2020-08-29 18:49:18.990  INFO [,,,] 50840 --- [    Test worker] org.testcontainers.DockerClientFactory   : Checking the system...
2020-08-29 18:49:18.991  INFO [,,,] 50840 --- [    Test worker] org.testcontainers.DockerClientFactory   : ✔︎ Docker server version should be at least 1.6.0
2020-08-29 18:49:19.100  INFO [,,,] 50840 --- [    Test worker] org.testcontainers.DockerClientFactory   : ✔︎ Docker environment should have more than 2GB free disk space
2020-08-29 18:49:19.109  INFO [,,,] 50840 --- [    Test worker] ]]>&#x1f433;<![CDATA[ [postgres:10.9]                       : Creating container for image: postgres:10.9
2020-08-29 18:49:19.144  INFO [,,,] 50840 --- [    Test worker] ]]>&#x1f433;<![CDATA[ [postgres:10.9]                       : Starting container with ID: 87f2c2763c57b91722ed9d065d8428b0e129e4630e9ca4c4445edae2532fe748
2020-08-29 18:49:19.455  INFO [,,,] 50840 --- [    Test worker] ]]>&#x1f433;<![CDATA[ [postgres:10.9]                       : Container postgres:10.9 is starting: 87f2c2763c57b91722ed9d065d8428b0e129e4630e9ca4c4445edae2532fe748
2020-08-29 18:49:24.521  INFO [,,,] 50840 --- [    Test worker] ]]>&#x1f433;<![CDATA[ [postgres:10.9]                       : Container postgres:10.9 started in PT7.288917S

  .   ____          _            __ _ _
 /\\ / ___'_ __ _ _(_)_ __  __ _ \ \ \ \
( ( )\___ | '_ | '_| | '_ \/ _` | \ \ \ \
 \\/  ___)| |_)| | | | | || (_| |  ) ) ) )
  '  |____| .__|_| |_|_| |_\__, | / / / /
 =========|_|==============|___/=/_/_/_/
 :: Spring Boot ::        (v2.3.3.RELEASE)

2020-08-29 18:49:24.976  INFO [jirareport,,,] 50840 --- [    Test worker] b.c.j.i.i.ListIssuePeriodIntegrationTest : The following profiles are active: test
2020-08-29 18:49:25.899  INFO [jirareport,,,] 50840 --- [    Test worker] .s.d.r.c.RepositoryConfigurationDelegate : Bootstrapping Spring Data JPA repositories in DEFERRED mode.
2020-08-29 18:49:26.040  INFO [jirareport,,,] 50840 --- [    Test worker] .s.d.r.c.RepositoryConfigurationDelegate : Finished Spring Data repository scanning in 137ms. Found 11 JPA repository interfaces.
2020-08-29 18:49:26.276  INFO [jirareport,,,] 50840 --- [    Test worker] o.s.cloud.context.scope.GenericScope     : BeanFactory id=69698ae4-1eec-308a-acbc-e740198638c0
2020-08-29 18:49:26.364  INFO [jirareport,,,] 50840 --- [    Test worker] trationDelegate$BeanPostProcessorChecker : Bean 'br.com.jiratorio.client.AuthClient' of type [org.springframework.cloud.openfeign.FeignClientFactoryBean] is not eligible for getting processed by all BeanPostProcessors (for example: not eligible for auto-proxying)
2020-08-29 18:49:26.365  INFO [jirareport,,,] 50840 --- [    Test worker] trationDelegate$BeanPostProcessorChecker : Bean 'br.com.jiratorio.client.ProjectClient' of type [org.springframework.cloud.openfeign.FeignClientFactoryBean] is not eligible for getting processed by all BeanPostProcessors (for example: not eligible for auto-proxying)
2020-08-29 18:49:26.366  INFO [jirareport,,,] 50840 --- [    Test worker] trationDelegate$BeanPostProcessorChecker : Bean 'br.com.jiratorio.client.HolidayClient' of type [org.springframework.cloud.openfeign.FeignClientFactoryBean] is not eligible for getting processed by all BeanPostProcessors (for example: not eligible for auto-proxying)
2020-08-29 18:49:26.367  INFO [jirareport,,,] 50840 --- [    Test worker] trationDelegate$BeanPostProcessorChecker : Bean 'br.com.jiratorio.client.IssueClient' of type [org.springframework.cloud.openfeign.FeignClientFactoryBean] is not eligible for getting processed by all BeanPostProcessors (for example: not eligible for auto-proxying)
2020-08-29 18:49:26.368  INFO [jirareport,,,] 50840 --- [    Test worker] trationDelegate$BeanPostProcessorChecker : Bean 'br.com.jiratorio.client.FieldClient' of type [org.springframework.cloud.openfeign.FeignClientFactoryBean] is not eligible for getting processed by all BeanPostProcessors (for example: not eligible for auto-proxying)
2020-08-29 18:49:27.025  INFO [jirareport,,,] 50840 --- [    Test worker] o.s.b.w.embedded.tomcat.TomcatWebServer  : Tomcat initialized with port(s): 0 (http)
2020-08-29 18:49:27.050  INFO [jirareport,,,] 50840 --- [    Test worker] o.apache.catalina.core.StandardService   : Starting service [Tomcat]
2020-08-29 18:49:27.050  INFO [jirareport,,,] 50840 --- [    Test worker] org.apache.catalina.core.StandardEngine  : Starting Servlet engine: [Apache Tomcat/9.0.37]
2020-08-29 18:49:27.215  INFO [jirareport,,,] 50840 --- [    Test worker] o.a.c.c.C.[Tomcat].[localhost].[/]       : Initializing Spring embedded WebApplicationContext
2020-08-29 18:49:27.215  INFO [jirareport,,,] 50840 --- [    Test worker] w.s.c.ServletWebServerApplicationContext : Root WebApplicationContext: initialization completed in 2233 ms
2020-08-29 18:49:28.318  INFO [jirareport,,,] 50840 --- [    Test worker] o.f.c.internal.license.VersionPrinter    : Flyway Community Edition 6.4.4 by Redgate
2020-08-29 18:49:28.322  INFO [jirareport,,,] 50840 --- [    Test worker] com.zaxxer.hikari.HikariDataSource       : HikariPool-1 - Starting...
2020-08-29 18:49:28.391  INFO [jirareport,,,] 50840 --- [    Test worker] com.zaxxer.hikari.HikariDataSource       : HikariPool-1 - Start completed.
2020-08-29 18:49:28.409  INFO [jirareport,,,] 50840 --- [    Test worker] o.f.c.internal.database.DatabaseFactory  : Database: jdbc:postgresql://localhost:32795/jirareport_test (PostgreSQL 10.9)
2020-08-29 18:49:28.440  INFO [jirareport,,,] 50840 --- [    Test worker] o.f.core.internal.command.DbValidate     : Successfully validated 40 migrations (execution time 00:00.017s)
2020-08-29 18:49:28.447  INFO [jirareport,,,] 50840 --- [    Test worker] o.f.c.i.s.JdbcTableSchemaHistory         : Creating Schema History table "public"."flyway_schema_history" ...
2020-08-29 18:49:28.463  INFO [jirareport,,,] 50840 --- [    Test worker] o.f.core.internal.command.DbMigrate      : Current version of schema "public": << Empty Schema >>
2020-08-29 18:49:28.463  WARN [jirareport,,,] 50840 --- [    Test worker] o.f.core.internal.command.DbMigrate      : outOfOrder mode is active. Migration of schema "public" may not be reproducible.
2020-08-29 18:49:28.473  INFO [jirareport,,,] 50840 --- [    Test worker] o.f.core.internal.command.DbMigrate      : Migrating schema "public" to version 201805312236 - setup database
2020-08-29 18:49:28.492  INFO [jirareport,,,] 50840 --- [    Test worker] o.f.core.internal.command.DbMigrate      : Migrating schema "public" to version 201806121639 - add due date
2020-08-29 18:49:28.499  INFO [jirareport,,,] 50840 --- [    Test worker] o.f.core.internal.command.DbMigrate      : Migrating schema "public" to version 201806221312 - add impediment count
2020-08-29 18:49:28.505  INFO [jirareport,,,] 50840 --- [    Test worker] o.f.core.internal.command.DbMigrate      : Migrating schema "public" to version 201808121629 - add issue period jql column
2020-08-29 18:49:28.510  INFO [jirareport,,,] 50840 --- [    Test worker] o.f.core.internal.command.DbMigrate      : Migrating schema "public" to version 201808121959 - add issue period wip avg column
2020-08-29 18:49:28.515  INFO [jirareport,,,] 50840 --- [    Test worker] o.f.core.internal.command.DbMigrate      : Migrating schema "public" to version 201808122213 - create user config table
2020-08-29 18:49:28.521  INFO [jirareport,,,] 50840 --- [    Test worker] o.f.core.internal.command.DbMigrate      : Migrating schema "public" to version 201808232245 - add ignore weekend option in board
2020-08-29 18:49:28.525  INFO [jirareport,,,] 50840 --- [    Test worker] o.f.core.internal.command.DbMigrate      : Migrating schema "public" to version 201809042221 - add priority in issue
2020-08-29 18:49:28.528  INFO [jirareport,,,] 50840 --- [    Test worker] o.f.core.internal.command.DbMigrate      : Migrating schema "public" to version 201809042229 - add priority charts in issue periods
2020-08-29 18:49:28.532  INFO [jirareport,,,] 50840 --- [    Test worker] o.f.core.internal.command.DbMigrate      : Migrating schema "public" to version 201809251328 - add dynamic fields
2020-08-29 18:49:28.536  INFO [jirareport,,,] 50840 --- [    Test worker] o.f.core.internal.command.DbMigrate      : Migrating schema "public" to version 201809251355 - add dynamic charts
2020-08-29 18:49:28.540  INFO [jirareport,,,] 50840 --- [    Test worker] o.f.core.internal.command.DbMigrate      : Migrating schema "public" to version 201811051348 - add chart type in user config
2020-08-29 18:49:28.544  INFO [jirareport,,,] 50840 --- [    Test worker] o.f.core.internal.command.DbMigrate      : Migrating schema "public" to version 201901251617 - add touch and wait columns in board
2020-08-29 18:49:28.548  INFO [jirareport,,,] 50840 --- [    Test worker] o.f.core.internal.command.DbMigrate      : Migrating schema "public" to version 201901251632 - add touch wait and efficiency time in issue
2020-08-29 18:49:28.552  INFO [jirareport,,,] 50840 --- [    Test worker] o.f.core.internal.command.DbMigrate      : Migrating schema "public" to version 201901281323 - add avg pct efficiency in issue period
2020-08-29 18:49:28.556  INFO [jirareport,,,] 50840 --- [    Test worker] o.f.core.internal.command.DbMigrate      : Migrating schema "public" to version 201902081808 - add uniq constraint userconfig
2020-08-29 18:49:28.560  INFO [jirareport,,,] 50840 --- [    Test worker] o.f.core.internal.command.DbMigrate      : Migrating schema "public" to version 201902222154 - rename difference first and last due date to deviation of estimate
2020-08-29 18:49:28.564  INFO [jirareport,,,] 50840 --- [    Test worker] o.f.core.internal.command.DbMigrate      : Migrating schema "public" to version 201902222158 - add due date configurations to board
2020-08-29 18:49:28.569  INFO [jirareport,,,] 50840 --- [    Test worker] o.f.core.internal.command.DbMigrate      : Migrating schema "public" to version 201904250110 - create dynamic field config table
2020-08-29 18:49:28.575  INFO [jirareport,,,] 50840 --- [    Test worker] o.f.core.internal.command.DbMigrate      : Migrating schema "public" to version 201904250126 - migrate dynamic field config
2020-08-29 18:49:28.579  INFO [jirareport,,,] 50840 --- [    Test worker] o.f.core.internal.command.DbMigrate      : Migrating schema "public" to version 201904250259 - drop dynamic field config column from board
2020-08-29 18:49:28.582  INFO [jirareport,,,] 50840 --- [    Test worker] o.f.core.internal.command.DbMigrate      : Migrating schema "public" to version 201904281840 - add unique constraint in holiday
2020-08-29 18:49:28.586  INFO [jirareport,,,] 50840 --- [    Test worker] o.f.core.internal.command.DbMigrate      : Migrating schema "public" to version 201905120145 - change issue period and issue relation
2020-08-29 18:49:28.593  INFO [jirareport,,,] 50840 --- [    Test worker] o.f.core.internal.command.DbMigrate      : Migrating schema "public" to version 201905121413 - rename issue columns
2020-08-29 18:49:28.597  INFO [jirareport,,,] 50840 --- [    Test worker] o.f.core.internal.command.DbMigrate      : Migrating schema "public" to version 201905121415 - rename issue period columns
2020-08-29 18:49:28.601  INFO [jirareport,,,] 50840 --- [    Test worker] o.f.core.internal.command.DbMigrate      : Migrating schema "public" to version 201905121445 - add issue not nulls
2020-08-29 18:49:28.606  INFO [jirareport,,,] 50840 --- [    Test worker] o.f.core.internal.command.DbMigrate      : Migrating schema "public" to version 201905121454 - add issue period not nulls
2020-08-29 18:49:28.610  INFO [jirareport,,,] 50840 --- [    Test worker] o.f.core.internal.command.DbMigrate      : Migrating schema "public" to version 201905121456 - add lead time not nulls
2020-08-29 18:49:28.615  INFO [jirareport,,,] 50840 --- [    Test worker] o.f.core.internal.command.DbMigrate      : Migrating schema "public" to version 201905201921 - create impediment history table
2020-08-29 18:49:28.620  INFO [jirareport,,,] 50840 --- [    Test worker] o.f.core.internal.command.DbMigrate      : Migrating schema "public" to version 201909092033 - add use last occurrence when calculate lead time column in board
2020-08-29 18:49:28.624  INFO [jirareport,,,] 50840 --- [    Test worker] o.f.core.internal.command.DbMigrate      : Migrating schema "public" to version 201912302253 - create column time averge table
2020-08-29 18:49:28.630  INFO [jirareport,,,] 50840 --- [    Test worker] o.f.core.internal.command.DbMigrate      : Migrating schema "public" to version 201912302308 - migrate column time average data
2020-08-29 18:49:28.633  INFO [jirareport,,,] 50840 --- [    Test worker] o.f.core.internal.command.DbMigrate      : Migrating schema "public" to version 201912302314 - drop column time avg from issue period
2020-08-29 18:49:28.636  INFO [jirareport,,,] 50840 --- [    Test worker] o.f.core.internal.command.DbMigrate      : Migrating schema "public" to version 202001022309 - create column changelog table
2020-08-29 18:49:28.642  INFO [jirareport,,,] 50840 --- [    Test worker] o.f.core.internal.command.DbMigrate      : Migrating schema "public" to version 202001022322 - migrate column changelog data
2020-08-29 18:49:28.646  INFO [jirareport,,,] 50840 --- [    Test worker] o.f.core.internal.command.DbMigrate      : Migrating schema "public" to version 202001022324 - drop column changelog from issue
2020-08-29 18:49:28.650  INFO [jirareport,,,] 50840 --- [    Test worker] o.f.core.internal.command.DbMigrate      : Migrating schema "public" to version 202001022327 - rename columns in column changelog table
2020-08-29 18:49:28.653  INFO [jirareport,,,] 50840 --- [    Test worker] o.f.core.internal.command.DbMigrate      : Migrating schema "public" to version 202004060150 - add issue progression in issue period
2020-08-29 18:49:28.656  INFO [jirareport,,,] 50840 --- [    Test worker] o.f.core.internal.command.DbMigrate      : Migrating schema "public" to version 202004201835 - add name in issue period
2020-08-29 18:49:28.659  INFO [jirareport,,,] 50840 --- [    Test worker] o.f.core.internal.command.DbMigrate      : Migrating schema "public" to version 202004201849 - add issue period name format at board
2020-08-29 18:49:28.662  INFO [jirareport,,,] 50840 --- [    Test worker] o.f.core.internal.command.DbMigrate      : Successfully applied 40 migrations to schema "public" (execution time 00:00.202s)
2020-08-29 18:49:28.749  INFO [jirareport,,,] 50840 --- [    Test worker] o.s.s.concurrent.ThreadPoolTaskExecutor  : Initializing ExecutorService 'applicationTaskExecutor'
2020-08-29 18:49:28.862  INFO [jirareport,,,] 50840 --- [         task-1] o.hibernate.jpa.internal.util.LogHelper  : HHH000204: Processing PersistenceUnitInfo [name: default]
2020-08-29 18:49:28.920  INFO [jirareport,,,] 50840 --- [         task-1] org.hibernate.Version                    : HHH000412: Hibernate ORM core version 5.4.20.Final
2020-08-29 18:49:29.064  INFO [jirareport,,,] 50840 --- [         task-1] o.hibernate.annotations.common.Version   : HCANN000001: Hibernate Commons Annotations {5.1.0.Final}
2020-08-29 18:49:29.212  INFO [jirareport,,,] 50840 --- [         task-1] org.hibernate.dialect.Dialect            : HHH000400: Using dialect: org.hibernate.dialect.PostgreSQL10Dialect
2020-08-29 18:49:29.589  INFO [jirareport,,,] 50840 --- [    Test worker] DeferredRepositoryInitializationListener : Triggering deferred initialization of Spring Data repositories…
2020-08-29 18:49:30.139  INFO [jirareport,,,] 50840 --- [         task-1] o.h.e.t.j.p.i.JtaPlatformInitiator       : HHH000490: Using JtaPlatform implementation: [org.hibernate.engine.transaction.jta.platform.internal.NoJtaPlatform]
2020-08-29 18:49:30.145  INFO [jirareport,,,] 50840 --- [         task-1] j.LocalContainerEntityManagerFactoryBean : Initialized JPA EntityManagerFactory for persistence unit 'default'
2020-08-29 18:49:31.030  INFO [jirareport,,,] 50840 --- [    Test worker] DeferredRepositoryInitializationListener : Spring Data repositories initialized!
2020-08-29 18:49:31.256  INFO [jirareport,,,] 50840 --- [    Test worker] DeferredRepositoryInitializationListener : Triggering deferred initialization of Spring Data repositories…
2020-08-29 18:49:31.257  INFO [jirareport,,,] 50840 --- [    Test worker] DeferredRepositoryInitializationListener : Spring Data repositories initialized!
2020-08-29 18:49:31.323  INFO [jirareport,,,] 50840 --- [    Test worker] DeferredRepositoryInitializationListener : Triggering deferred initialization of Spring Data repositories…
2020-08-29 18:49:31.323  INFO [jirareport,,,] 50840 --- [    Test worker] DeferredRepositoryInitializationListener : Spring Data repositories initialized!
2020-08-29 18:49:31.414  INFO [jirareport,,,] 50840 --- [    Test worker] DeferredRepositoryInitializationListener : Triggering deferred initialization of Spring Data repositories…
2020-08-29 18:49:31.415  INFO [jirareport,,,] 50840 --- [    Test worker] DeferredRepositoryInitializationListener : Spring Data repositories initialized!
2020-08-29 18:49:31.762  INFO [jirareport,,,] 50840 --- [    Test worker] DeferredRepositoryInitializationListener : Triggering deferred initialization of Spring Data repositories…
2020-08-29 18:49:31.762  INFO [jirareport,,,] 50840 --- [    Test worker] DeferredRepositoryInitializationListener : Spring Data repositories initialized!
2020-08-29 18:49:31.843  INFO [jirareport,,,] 50840 --- [    Test worker] rConfig$$EnhancerBySpringCGLIB$$74bdd3c4 : MSG=generated seed, seed=1598737771843
2020-08-29 18:49:32.094  INFO [jirareport,,,] 50840 --- [    Test worker] o.s.s.web.DefaultSecurityFilterChain     : Creating filter chain: Ant [pattern='/actuator/**', GET], []
2020-08-29 18:49:32.094  INFO [jirareport,,,] 50840 --- [    Test worker] o.s.s.web.DefaultSecurityFilterChain     : Creating filter chain: Ant [pattern='/**', OPTIONS], []
2020-08-29 18:49:32.207  INFO [jirareport,,,] 50840 --- [    Test worker] o.s.s.web.DefaultSecurityFilterChain     : Creating filter chain: any request, [org.springframework.security.web.context.request.async.WebAsyncManagerIntegrationFilter@5e0ac3d8, org.springframework.security.web.context.SecurityContextPersistenceFilter@12a102a, org.springframework.security.web.header.HeaderWriterFilter@79d3c16c, org.springframework.web.filter.CorsFilter@70b62683, org.springframework.security.web.authentication.logout.LogoutFilter@70aa3e44, org.springframework.security.web.authentication.UsernamePasswordAuthenticationFilter@210040af, br.com.jiratorio.security.AuthenticationFilter@240d556c, org.springframework.security.web.savedrequest.RequestCacheAwareFilter@d49545b, org.springframework.security.web.servletapi.SecurityContextHolderAwareRequestFilter@579b00a, org.springframework.security.web.session.SessionManagementFilter@bc37c5f, org.springframework.security.web.access.ExceptionTranslationFilter@61f29658, org.springframework.security.web.access.intercept.FilterSecurityInterceptor@50de4af7]
2020-08-29 18:49:32.341  INFO [jirareport,,,] 50840 --- [    Test worker] org.eclipse.jetty.util.log               : Logging initialized @17311ms to org.eclipse.jetty.util.log.Slf4jLog
2020-08-29 18:49:32.436  INFO [jirareport,,,] 50840 --- [    Test worker] org.eclipse.jetty.server.Server          : jetty-9.4.31.v20200723; built: 2020-07-23T17:57:36.812Z; git: 450ba27947e13e66baa8cd1ce7e85a4461cacc1d; jvm 13.0.2+8
2020-08-29 18:49:32.455  INFO [jirareport,,,] 50840 --- [    Test worker] o.e.jetty.server.handler.ContextHandler  : Started o.e.j.s.ServletContextHandler@63b50669{/__admin,null,AVAILABLE}
2020-08-29 18:49:32.456  INFO [jirareport,,,] 50840 --- [    Test worker] o.e.jetty.server.handler.ContextHandler  : Started o.e.j.s.ServletContextHandler@248e1096{/,null,AVAILABLE}
2020-08-29 18:49:32.464  INFO [jirareport,,,] 50840 --- [    Test worker] o.e.jetty.server.AbstractConnector       : Started NetworkTrafficServerConnector@12e35d91{HTTP/1.1, (http/1.1)}{0.0.0.0:8888}
2020-08-29 18:49:32.464  INFO [jirareport,,,] 50840 --- [    Test worker] org.eclipse.jetty.server.Server          : Started @17434ms
2020-08-29 18:49:32.520  WARN [jirareport,,,] 50840 --- [    Test worker] c.n.c.sources.URLConfigurationSource     : No URLs will be polled as dynamic configuration sources.
2020-08-29 18:49:32.520  INFO [jirareport,,,] 50840 --- [    Test worker] c.n.c.sources.URLConfigurationSource     : To enable URLs as dynamic configuration sources, define System property archaius.configurationSource.additionalUrls or make config.properties available on classpath.
2020-08-29 18:49:32.526  WARN [jirareport,,,] 50840 --- [    Test worker] c.n.c.sources.URLConfigurationSource     : No URLs will be polled as dynamic configuration sources.
2020-08-29 18:49:32.526  INFO [jirareport,,,] 50840 --- [    Test worker] c.n.c.sources.URLConfigurationSource     : To enable URLs as dynamic configuration sources, define System property archaius.configurationSource.additionalUrls or make config.properties available on classpath.
2020-08-29 18:49:33.555  INFO [jirareport,,,] 50840 --- [    Test worker] o.s.b.a.e.web.EndpointLinksResolver      : Exposing 2 endpoint(s) beneath base path '/actuator'
2020-08-29 18:49:33.732  INFO [jirareport,,,] 50840 --- [    Test worker] o.s.b.w.embedded.tomcat.TomcatWebServer  : Tomcat started on port(s): 33103 (http) with context path ''
2020-08-29 18:49:33.753  INFO [jirareport,,,] 50840 --- [    Test worker] DeferredRepositoryInitializationListener : Triggering deferred initialization of Spring Data repositories…
2020-08-29 18:49:33.753  INFO [jirareport,,,] 50840 --- [    Test worker] DeferredRepositoryInitializationListener : Spring Data repositories initialized!
2020-08-29 18:49:33.770  INFO [jirareport,,,] 50840 --- [    Test worker] b.c.j.i.i.ListIssuePeriodIntegrationTest : Started ListIssuePeriodIntegrationTest in 17.048 seconds (JVM running for 18.74)
Hibernate: 
    insert 
    into
        board
        (created_at, last_editor, owner, updated_at, due_date_cf, due_date_type, end_column, epiccf, estimatecf, external_id, flux_column, ignore_issue_type, ignore_weekend, impediment_columns, impediment_type, issue_period_name_format, name, projectcf, start_column, systemcf, touching_columns, use_last_occurrence_when_calculate_lead_time, waiting_columns) 
    values
        (?, ?, ?, ?, ?, ?, ?, ?, ?, ?, ?, ?, ?, ?, ?, ?, ?, ?, ?, ?, ?, ?, ?)
Hibernate: 
    insert 
    into
        board
        (created_at, last_editor, owner, updated_at, due_date_cf, due_date_type, end_column, epiccf, estimatecf, external_id, flux_column, ignore_issue_type, ignore_weekend, impediment_columns, impediment_type, issue_period_name_format, name, projectcf, start_column, systemcf, touching_columns, use_last_occurrence_when_calculate_lead_time, waiting_columns) 
    values
        (?, ?, ?, ?, ?, ?, ?, ?, ?, ?, ?, ?, ?, ?, ?, ?, ?, ?, ?, ?, ?, ?, ?)
Hibernate: 
    insert 
    into
        issue_period
        (created_at, last_editor, owner, updated_at, avg_pct_efficiency, board_id, dynamic_charts, end_date, histogram, issue_progression, jql, lead_time, lead_time_by_estimate, lead_time_by_priority, lead_time_by_project, lead_time_by_system, lead_time_by_type, lead_time_compare_chart, name, start_date, throughput, throughput_by_estimate, throughput_by_priority, throughput_by_project, throughput_by_system, throughput_by_type, wip_avg) 
    values
        (?, ?, ?, ?, ?, ?, ?, ?, ?, ?, ?, ?, ?, ?, ?, ?, ?, ?, ?, ?, ?, ?, ?, ?, ?, ?, ?)
Hibernate: 
    insert 
    into
        board
        (created_at, last_editor, owner, updated_at, due_date_cf, due_date_type, end_column, epiccf, estimatecf, external_id, flux_column, ignore_issue_type, ignore_weekend, impediment_columns, impediment_type, issue_period_name_format, name, projectcf, start_column, systemcf, touching_columns, use_last_occurrence_when_calculate_lead_time, waiting_columns) 
    values
        (?, ?, ?, ?, ?, ?, ?, ?, ?, ?, ?, ?, ?, ?, ?, ?, ?, ?, ?, ?, ?, ?, ?)
Hibernate: 
    insert 
    into
        issue_period
        (created_at, last_editor, owner, updated_at, avg_pct_efficiency, board_id, dynamic_charts, end_date, histogram, issue_progression, jql, lead_time, lead_time_by_estimate, lead_time_by_priority, lead_time_by_project, lead_time_by_system, lead_time_by_type, lead_time_compare_chart, name, start_date, throughput, throughput_by_estimate, throughput_by_priority, throughput_by_project, throughput_by_system, throughput_by_type, wip_avg) 
    values
        (?, ?, ?, ?, ?, ?, ?, ?, ?, ?, ?, ?, ?, ?, ?, ?, ?, ?, ?, ?, ?, ?, ?, ?, ?, ?, ?)
Hibernate: 
    insert 
    into
        board
        (created_at, last_editor, owner, updated_at, due_date_cf, due_date_type, end_column, epiccf, estimatecf, external_id, flux_column, ignore_issue_type, ignore_weekend, impediment_columns, impediment_type, issue_period_name_format, name, projectcf, start_column, systemcf, touching_columns, use_last_occurrence_when_calculate_lead_time, waiting_columns) 
    values
        (?, ?, ?, ?, ?, ?, ?, ?, ?, ?, ?, ?, ?, ?, ?, ?, ?, ?, ?, ?, ?, ?, ?)
Hibernate: 
    insert 
    into
        issue_period
        (created_at, last_editor, owner, updated_at, avg_pct_efficiency, board_id, dynamic_charts, end_date, histogram, issue_progression, jql, lead_time, lead_time_by_estimate, lead_time_by_priority, lead_time_by_project, lead_time_by_system, lead_time_by_type, lead_time_compare_chart, name, start_date, throughput, throughput_by_estimate, throughput_by_priority, throughput_by_project, throughput_by_system, throughput_by_type, wip_avg) 
    values
        (?, ?, ?, ?, ?, ?, ?, ?, ?, ?, ?, ?, ?, ?, ?, ?, ?, ?, ?, ?, ?, ?, ?, ?, ?, ?, ?)
Hibernate: 
    insert 
    into
        board
        (created_at, last_editor, owner, updated_at, due_date_cf, due_date_type, end_column, epiccf, estimatecf, external_id, flux_column, ignore_issue_type, ignore_weekend, impediment_columns, impediment_type, issue_period_name_format, name, projectcf, start_column, systemcf, touching_columns, use_last_occurrence_when_calculate_lead_time, waiting_columns) 
    values
        (?, ?, ?, ?, ?, ?, ?, ?, ?, ?, ?, ?, ?, ?, ?, ?, ?, ?, ?, ?, ?, ?, ?)
Hibernate: 
    insert 
    into
        issue_period
        (created_at, last_editor, owner, updated_at, avg_pct_efficiency, board_id, dynamic_charts, end_date, histogram, issue_progression, jql, lead_time, lead_time_by_estimate, lead_time_by_priority, lead_time_by_project, lead_time_by_system, lead_time_by_type, lead_time_compare_chart, name, start_date, throughput, throughput_by_estimate, throughput_by_priority, throughput_by_project, throughput_by_system, throughput_by_type, wip_avg) 
    values
        (?, ?, ?, ?, ?, ?, ?, ?, ?, ?, ?, ?, ?, ?, ?, ?, ?, ?, ?, ?, ?, ?, ?, ?, ?, ?, ?)
Hibernate: 
    insert 
    into
        board
        (created_at, last_editor, owner, updated_at, due_date_cf, due_date_type, end_column, epiccf, estimatecf, external_id, flux_column, ignore_issue_type, ignore_weekend, impediment_columns, impediment_type, issue_period_name_format, name, projectcf, start_column, systemcf, touching_columns, use_last_occurrence_when_calculate_lead_time, waiting_columns) 
    values
        (?, ?, ?, ?, ?, ?, ?, ?, ?, ?, ?, ?, ?, ?, ?, ?, ?, ?, ?, ?, ?, ?, ?)
Hibernate: 
    insert 
    into
        issue_period
        (created_at, last_editor, owner, updated_at, avg_pct_efficiency, board_id, dynamic_charts, end_date, histogram, issue_progression, jql, lead_time, lead_time_by_estimate, lead_time_by_priority, lead_time_by_project, lead_time_by_system, lead_time_by_type, lead_time_compare_chart, name, start_date, throughput, throughput_by_estimate, throughput_by_priority, throughput_by_project, throughput_by_system, throughput_by_type, wip_avg) 
    values
        (?, ?, ?, ?, ?, ?, ?, ?, ?, ?, ?, ?, ?, ?, ?, ?, ?, ?, ?, ?, ?, ?, ?, ?, ?, ?, ?)
Request method:	GET
Request URI:	http://localhost:33103/boards/1/issue-periods?startDate=2019-01-01&endDate=2019-05-31
Proxy:			<none>
Request params:	startDate=2019-01-01
				endDate=2019-05-31
Query params:	<none>
Form params:	<none>
Path params:	<none>
Headers:		Accept-Language=en
				X-Auth-Token=Dtk2nK1u//06CoKXf+ZqNWOVt/jXsmo1MYgDVU5nnGxbZ1qy3O+V6xGIM1MJefefU7nz04MDuDnG2HGRl4defxjpe0xZL15Zd4EQFPs7H6ZX6DO6pzENKetA0GHm9W3eAkaRwa2e/oZz5SIAOU46O29tyGFElSvTKSQ2ocB5Jn2TKpMl8t/BHgyzWYVA9VWHEXjfTZ6j+S0LgcbVED9YWa8mxGZnpJ0aOsoPptUnuZnCRCQj3TK5nMirS8bz9uTTvPE6RzPFhaAziJ6PU9b9xHeIF8JjbkFH7NrL7LIwygo=
				Accept=*/*
Cookies:		<none>
Multiparts:		<none>
Body:			<none>
2020-08-29 18:49:35.295  INFO [jirareport,,,] 50840 --- [o-auto-1-exec-1] o.a.c.c.C.[Tomcat].[localhost].[/]       : Initializing Spring DispatcherServlet 'dispatcherServlet'
2020-08-29 18:49:35.295  INFO [jirareport,,,] 50840 --- [o-auto-1-exec-1] o.s.web.servlet.DispatcherServlet        : Initializing Servlet 'dispatcherServlet'
2020-08-29 18:49:35.310  INFO [jirareport,,,] 50840 --- [o-auto-1-exec-1] o.s.web.servlet.DispatcherServlet        : Completed initialization in 15 ms
2020-08-29 18:49:35.389  INFO [jirareport,a57b00dac23fa2ba,a57b00dac23fa2ba,true] 50840 --- [o-auto-1-exec-1] b.c.j.u.i.period.FindAllIssuePeriods     : Action=findAllIssuePeriods, boardId=1, startDate=2019-01-01, endDate=2019-05-31
Hibernate: 
    select
        board0_.id as id1_0_0_,
        board0_.created_at as created_2_0_0_,
        board0_.last_editor as last_edi3_0_0_,
        board0_.owner as owner4_0_0_,
        board0_.updated_at as updated_5_0_0_,
        board0_.due_date_cf as due_date6_0_0_,
        board0_.due_date_type as due_date7_0_0_,
        board0_.end_column as end_colu8_0_0_,
        board0_.epiccf as epiccf9_0_0_,
        board0_.estimatecf as estimat10_0_0_,
        board0_.external_id as externa11_0_0_,
        board0_.flux_column as flux_co12_0_0_,
        board0_.ignore_issue_type as ignore_13_0_0_,
        board0_.ignore_weekend as ignore_14_0_0_,
        board0_.impediment_columns as impedim15_0_0_,
        board0_.impediment_type as impedim16_0_0_,
        board0_.issue_period_name_format as issue_p17_0_0_,
        board0_.name as name18_0_0_,
        board0_.projectcf as project19_0_0_,
        board0_.start_column as start_c20_0_0_,
        board0_.systemcf as systemc21_0_0_,
        board0_.touching_columns as touchin22_0_0_,
        board0_.use_last_occurrence_when_calculate_lead_time as use_las23_0_0_,
        board0_.waiting_columns as waiting24_0_0_,
        leadtimeco1_.board_id as board_id9_9_1_,
        leadtimeco1_.id as id1_9_1_,
        leadtimeco1_.id as id1_9_2_,
        leadtimeco1_.created_at as created_2_9_2_,
        leadtimeco1_.last_editor as last_edi3_9_2_,
        leadtimeco1_.owner as owner4_9_2_,
        leadtimeco1_.updated_at as updated_5_9_2_,
        leadtimeco1_.board_id as board_id9_9_2_,
        leadtimeco1_.end_column as end_colu6_9_2_,
        leadtimeco1_.name as name7_9_2_,
        leadtimeco1_.start_column as start_co8_9_2_ 
    from
        board board0_ 
    left outer join
        lead_time_config leadtimeco1_ 
            on board0_.id=leadtimeco1_.board_id 
    where
        board0_.id=?
Hibernate: 
    select
        distinct issueperio0_.id as id1_7_0_,
        columntime1_.id as id1_2_1_,
        issues2_.id as id1_6_2_,
        leadtimes3_.id as id1_8_3_,
        leadtimeco4_.id as id1_9_4_,
        issueperio0_.created_at as created_2_7_0_,
        issueperio0_.last_editor as last_edi3_7_0_,
        issueperio0_.owner as owner4_7_0_,
        issueperio0_.updated_at as updated_5_7_0_,
        issueperio0_.avg_pct_efficiency as avg_pct_6_7_0_,
        issueperio0_.board_id as board_i28_7_0_,
        issueperio0_.dynamic_charts as dynamic_7_7_0_,
        issueperio0_.end_date as end_date8_7_0_,
        issueperio0_.histogram as histogra9_7_0_,
        issueperio0_.issue_progression as issue_p10_7_0_,
        issueperio0_.jql as jql11_7_0_,
        issueperio0_.lead_time as lead_ti12_7_0_,
        issueperio0_.lead_time_by_estimate as lead_ti13_7_0_,
        issueperio0_.lead_time_by_priority as lead_ti14_7_0_,
        issueperio0_.lead_time_by_project as lead_ti15_7_0_,
        issueperio0_.lead_time_by_system as lead_ti16_7_0_,
        issueperio0_.lead_time_by_type as lead_ti17_7_0_,
        issueperio0_.lead_time_compare_chart as lead_ti18_7_0_,
        issueperio0_.name as name19_7_0_,
        issueperio0_.start_date as start_d20_7_0_,
        issueperio0_.throughput as through21_7_0_,
        issueperio0_.throughput_by_estimate as through22_7_0_,
        issueperio0_.throughput_by_priority as through23_7_0_,
        issueperio0_.throughput_by_project as through24_7_0_,
        issueperio0_.throughput_by_system as through25_7_0_,
        issueperio0_.throughput_by_type as through26_7_0_,
        issueperio0_.wip_avg as wip_avg27_7_0_,
        columntime1_.created_at as created_2_2_1_,
        columntime1_.last_editor as last_edi3_2_1_,
        columntime1_.owner as owner4_2_1_,
        columntime1_.updated_at as updated_5_2_1_,
        columntime1_.average_time as average_6_2_1_,
        columntime1_.column_name as column_n7_2_1_,
        columntime1_.issue_period_id as issue_pe8_2_1_,
        columntime1_.issue_period_id as issue_pe8_2_0__,
        columntime1_.id as id1_2_0__,
        issues2_.created_at as created_2_6_2_,
        issues2_.last_editor as last_edi3_6_2_,
        issues2_.owner as owner4_6_2_,
        issues2_.updated_at as updated_5_6_2_,
        issues2_.board_id as board_i27_6_2_,
        issues2_.created as created6_6_2_,
        issues2_.creator as creator7_6_2_,
        issues2_.deviation_of_estimate as deviatio8_6_2_,
        issues2_.due_date_history as due_date9_6_2_,
        issues2_.dynamic_fields as dynamic10_6_2_,
        issues2_.end_date as end_dat11_6_2_,
        issues2_.epic as epic12_6_2_,
        issues2_.estimate as estimat13_6_2_,
        issues2_.impediment_time as impedim14_6_2_,
        issues2_.issue_period_id as issue_p15_6_2_,
        issues2_.issue_type as issue_t16_6_2_,
        issues2_.key as key17_6_2_,
        issues2_.lead_time as lead_ti18_6_2_,
        issues2_.pct_efficiency as pct_eff19_6_2_,
        issues2_.priority as priorit20_6_2_,
        issues2_.project as project21_6_2_,
        issues2_.start_date as start_d22_6_2_,
        issues2_.summary as summary23_6_2_,
        issues2_.system as system24_6_2_,
        issues2_.touch_time as touch_t25_6_2_,
        issues2_.wait_time as wait_ti26_6_2_,
        issues2_.issue_period_id as issue_p15_6_1__,
        issues2_.id as id1_6_1__,
        leadtimes3_.created_at as created_2_8_3_,
        leadtimes3_.last_editor as last_edi3_8_3_,
        leadtimes3_.owner as owner4_8_3_,
        leadtimes3_.updated_at as updated_5_8_3_,
        leadtimes3_.end_date as end_date6_8_3_,
        leadtimes3_.issue_id as issue_id9_8_3_,
        leadtimes3_.lead_time as lead_tim7_8_3_,
        leadtimes3_.lead_time_config_id as lead_ti10_8_3_,
        leadtimes3_.start_date as start_da8_8_3_,
        leadtimes3_.issue_id as issue_id9_8_2__,
        leadtimes3_.id as id1_8_2__,
        leadtimeco4_.created_at as created_2_9_4_,
        leadtimeco4_.last_editor as last_edi3_9_4_,
        leadtimeco4_.owner as owner4_9_4_,
        leadtimeco4_.updated_at as updated_5_9_4_,
        leadtimeco4_.board_id as board_id9_9_4_,
        leadtimeco4_.end_column as end_colu6_9_4_,
        leadtimeco4_.name as name7_9_4_,
        leadtimeco4_.start_column as start_co8_9_4_ 
    from
        issue_period issueperio0_ 
    left outer join
        column_time_average columntime1_ 
            on issueperio0_.id=columntime1_.issue_period_id 
    left outer join
        issue issues2_ 
            on issueperio0_.id=issues2_.issue_period_id 
    left outer join
        lead_time leadtimes3_ 
            on issues2_.id=leadtimes3_.issue_id 
    left outer join
        lead_time_config leadtimeco4_ 
            on leadtimes3_.lead_time_config_id=leadtimeco4_.id 
    where
        issueperio0_.board_id=? 
        and issueperio0_.start_date>=? 
        and issueperio0_.end_date<=? 
    order by
        issueperio0_.start_date,
        columntime1_.id,
        issues2_.key
2020-08-29 18:49:35.481  INFO [jirareport,a57b00dac23fa2ba,a57b00dac23fa2ba,true] 50840 --- [o-auto-1-exec-1] b.c.j.u.i.period.FindAllIssuePeriods     : Method=buildCharts, issuePeriods=[IssuePeriod(id=1, board=Board(id=1, externalId=67108, name=ut), startDate=2019-01-01, endDate=2019-01-31), IssuePeriod(id=2, board=Board(id=1, externalId=67108, name=ut), startDate=2019-02-01, endDate=2019-02-28), IssuePeriod(id=3, board=Board(id=1, externalId=67108, name=ut), startDate=2019-03-01, endDate=2019-03-31), IssuePeriod(id=4, board=Board(id=1, externalId=67108, name=ut), startDate=2019-04-01, endDate=2019-04-30), IssuePeriod(id=5, board=Board(id=1, externalId=67108, name=ut), startDate=2019-05-01, endDate=2019-05-31)], board=Board(id=1, externalId=67108, name=ut)
2020-08-29 18:49:35.483  INFO [jirareport,a57b00dac23fa2ba,a57b00dac23fa2ba,true] 50840 --- [o-auto-1-exec-1] c.i.p.CreateLeadTimeCompareChartByPeriod : Action=createLeadTimeCompareChartByPeriod, issuePeriods=[IssuePeriod(id=1, board=Board(id=1, externalId=67108, name=ut), startDate=2019-01-01, endDate=2019-01-31), IssuePeriod(id=2, board=Board(id=1, externalId=67108, name=ut), startDate=2019-02-01, endDate=2019-02-28), IssuePeriod(id=3, board=Board(id=1, externalId=67108, name=ut), startDate=2019-03-01, endDate=2019-03-31), IssuePeriod(id=4, board=Board(id=1, externalId=67108, name=ut), startDate=2019-04-01, endDate=2019-04-30), IssuePeriod(id=5, board=Board(id=1, externalId=67108, name=ut), startDate=2019-05-01, endDate=2019-05-31)], board=Board(id=1, externalId=67108, name=ut)
2020-08-29 18:49:35.484  INFO [jirareport,a57b00dac23fa2ba,a57b00dac23fa2ba,true] 50840 --- [o-auto-1-exec-1] .u.c.i.p.CreateThroughputByEstimateChart : Action=createThroughputByEstimateChart, issuePeriods=[IssuePeriod(id=1, board=Board(id=1, externalId=67108, name=ut), startDate=2019-01-01, endDate=2019-01-31), IssuePeriod(id=2, board=Board(id=1, externalId=67108, name=ut), startDate=2019-02-01, endDate=2019-02-28), IssuePeriod(id=3, board=Board(id=1, externalId=67108, name=ut), startDate=2019-03-01, endDate=2019-03-31), IssuePeriod(id=4, board=Board(id=1, externalId=67108, name=ut), startDate=2019-04-01, endDate=2019-04-30), IssuePeriod(id=5, board=Board(id=1, externalId=67108, name=ut), startDate=2019-05-01, endDate=2019-05-31)]
2020-08-29 18:49:35.484  INFO [jirareport,a57b00dac23fa2ba,a57b00dac23fa2ba,true] 50840 --- [o-auto-1-exec-1] p.CreateIssueTypePerformanceCompareChart : Action=createIssueTypePerformanceCompareChart, issuePeriods=[IssuePeriod(id=1, board=Board(id=1, externalId=67108, name=ut), startDate=2019-01-01, endDate=2019-01-31), IssuePeriod(id=2, board=Board(id=1, externalId=67108, name=ut), startDate=2019-02-01, endDate=2019-02-28), IssuePeriod(id=3, board=Board(id=1, externalId=67108, name=ut), startDate=2019-03-01, endDate=2019-03-31), IssuePeriod(id=4, board=Board(id=1, externalId=67108, name=ut), startDate=2019-04-01, endDate=2019-04-30), IssuePeriod(id=5, board=Board(id=1, externalId=67108, name=ut), startDate=2019-05-01, endDate=2019-05-31)]
2020-08-29 18:49:35.502  WARN [jirareport,a57b00dac23fa2ba,a57b00dac23fa2ba,true] 50840 --- [o-auto-1-exec-1] .c.j.MappingJackson2HttpMessageConverter : Failed to evaluate Jackson serialization for type [class br.com.jiratorio.domain.response.issueperiod.IssuePeriodListResponse]: com.fasterxml.jackson.databind.JsonMappingException: Strange Map type java.util.Map: cannot determine type parameters
2020-08-29 18:49:35.505  WARN [jirareport,a57b00dac23fa2ba,a57b00dac23fa2ba,true] 50840 --- [o-auto-1-exec-1] .c.j.MappingJackson2HttpMessageConverter : Failed to evaluate Jackson serialization for type [class br.com.jiratorio.domain.response.issueperiod.IssuePeriodListResponse]: com.fasterxml.jackson.databind.JsonMappingException: Strange Map type java.util.Map: cannot determine type parameters
2020-08-29 18:49:35.507  WARN [jirareport,a57b00dac23fa2ba,a57b00dac23fa2ba,true] 50840 --- [o-auto-1-exec-1] .w.s.m.s.DefaultHandlerExceptionResolver : Resolved [org.springframework.http.converter.HttpMessageNotWritableException: No converter found for return value of type: class br.com.jiratorio.domain.response.issueperiod.IssuePeriodListResponse]
2020-08-29 18:49:35.518  INFO [jirareport,a57b00dac23fa2ba,a57b00dac23fa2ba,true] 50840 --- [o-auto-1-exec-1] br.com.jiratorio.CustomErrorAttributes   : traceId=7a24cb65-8ab8-4497-8f44-f9846523146c
HTTP/1.1 500 
Vary: Origin
Vary: Access-Control-Request-Method
Vary: Access-Control-Request-Headers
X-Content-Type-Options: nosniff
X-XSS-Protection: 1; mode=block
Cache-Control: no-cache, no-store, max-age=0, must-revalidate
Pragma: no-cache
Expires: 0
X-Frame-Options: DENY
Content-Type: application/json
Transfer-Encoding: chunked
Date: Sat, 29 Aug 2020 21:49:35 GMT
Connection: close

{
    "timestamp": "2020-08-29T21:49:35.518+00:00",
    "status": 500,
    "error": "Internal Server Error",
    "message": "No converter found for return value of type: class br.com.jiratorio.domain.response.issueperiod.IssuePeriodListResponse",
    "path": "/boards/1/issue-periods",
    "traceId": "7a24cb65-8ab8-4497-8f44-f9846523146c"
}
]]></system-out>
  <system-err><![CDATA[]]></system-err>
</testsuite>
